Installing Backend Dependencies...
Collecting pypdf>=5.0.0 (from -r requirements.txt (line 1))
  Downloading pypdf-6.7.5-py3-none-any.whl.metadata (7.1 kB)
Collecting pytest>=8.0.0 (from -r requirements.txt (line 2))
  Using cached pytest-9.0.2-py3-none-any.whl.metadata (7.6 kB)
Collecting fastapi>=0.111.0 (from -r requirements.txt (line 3))
  Downloading fastapi-0.135.1-py3-none-any.whl.metadata (30 kB)
Collecting uvicorn>=0.30.0 (from -r requirements.txt (line 4))
  Downloading uvicorn-0.41.0-py3-none-any.whl.metadata (6.7 kB)
Collecting python-multipart>=0.0.9 (from -r requirements.txt (line 5))
  Downloading python_multipart-0.0.22-py3-none-any.whl.metadata (1.8 kB)
Collecting PyMuPDF>=1.23.0 (from -r requirements.txt (line 6))
  Downloading pymupdf-1.27.1-cp310-abi3-manylinux_2_28_x86_64.whl.metadata (3.4 kB)
Collecting deskew>=1.4.3 (from -r requirements.txt (line 7))
  Downloading deskew-1.5.3-py3-none-any.whl.metadata (4.6 kB)
Collecting opencv-python-headless>=4.8.0 (from -r requirements.txt (line 8))
  Downloading opencv_python_headless-4.13.0.92-cp37-abi3-manylinux_2_28_x86_64.whl.metadata (19 kB)
Collecting scikit-image>=0.21.0 (from -r requirements.txt (line 9))
  Downloading scikit_image-0.26.0-cp312-cp312-manylinux_2_24_x86_64.manylinux_2_28_x86_64.whl.metadata (15 kB)
Collecting iniconfig>=1.0.1 (from pytest>=8.0.0->-r requirements.txt (line 2))
  Using cached iniconfig-2.3.0-py3-none-any.whl.metadata (2.5 kB)
Collecting packaging>=22 (from pytest>=8.0.0->-r requirements.txt (line 2))
  Downloading packaging-26.0-py3-none-any.whl.metadata (3.3 kB)
Collecting pluggy<2,>=1.5 (from pytest>=8.0.0->-r requirements.txt (line 2))
  Using cached pluggy-1.6.0-py3-none-any.whl.metadata (4.8 kB)
Collecting pygments>=2.7.2 (from pytest>=8.0.0->-r requirements.txt (line 2))
  Using cached pygments-2.19.2-py3-none-any.whl.metadata (2.5 kB)
Collecting starlette>=0.46.0 (from fastapi>=0.111.0->-r requirements.txt (line 3))
  Downloading starlette-0.52.1-py3-none-any.whl.metadata (6.3 kB)
Collecting pydantic>=2.7.0 (from fastapi>=0.111.0->-r requirements.txt (line 3))
  Downloading pydantic-2.12.5-py3-none-any.whl.metadata (90 kB)
Requirement already satisfied: typing-extensions>=4.8.0 in /home/jules/.pyenv/versions/3.12.12/lib/python3.12/site-packages (from fastapi>=0.111.0->-r requirements.txt (line 3)) (4.15.0)
Collecting typing-inspection>=0.4.2 (from fastapi>=0.111.0->-r requirements.txt (line 3))
  Downloading typing_inspection-0.4.2-py3-none-any.whl.metadata (2.6 kB)
Collecting annotated-doc>=0.0.2 (from fastapi>=0.111.0->-r requirements.txt (line 3))
  Downloading annotated_doc-0.0.4-py3-none-any.whl.metadata (6.6 kB)
Collecting click>=7.0 (from uvicorn>=0.30.0->-r requirements.txt (line 4))
  Using cached click-8.3.1-py3-none-any.whl.metadata (2.6 kB)
Collecting h11>=0.8 (from uvicorn>=0.30.0->-r requirements.txt (line 4))
  Using cached h11-0.16.0-py3-none-any.whl.metadata (8.3 kB)
Collecting numpy (from deskew>=1.4.3->-r requirements.txt (line 7))
  Downloading numpy-2.4.2-cp312-cp312-manylinux_2_27_x86_64.manylinux_2_28_x86_64.whl.metadata (6.6 kB)
Collecting scipy>=1.11.4 (from scikit-image>=0.21.0->-r requirements.txt (line 9))
  Downloading scipy-1.17.1-cp312-cp312-manylinux_2_27_x86_64.manylinux_2_28_x86_64.whl.metadata (62 kB)
Collecting networkx>=3.0 (from scikit-image>=0.21.0->-r requirements.txt (line 9))
  Downloading networkx-3.6.1-py3-none-any.whl.metadata (6.8 kB)
Collecting pillow>=10.1 (from scikit-image>=0.21.0->-r requirements.txt (line 9))
  Downloading pillow-12.1.1-cp312-cp312-manylinux_2_27_x86_64.manylinux_2_28_x86_64.whl.metadata (8.8 kB)
Collecting imageio!=2.35.0,>=2.33 (from scikit-image>=0.21.0->-r requirements.txt (line 9))
  Downloading imageio-2.37.2-py3-none-any.whl.metadata (9.7 kB)
Collecting tifffile>=2022.8.12 (from scikit-image>=0.21.0->-r requirements.txt (line 9))
  Downloading tifffile-2026.3.3-py3-none-any.whl.metadata (31 kB)
Collecting lazy-loader>=0.4 (from scikit-image>=0.21.0->-r requirements.txt (line 9))
  Downloading lazy_loader-0.4-py3-none-any.whl.metadata (7.6 kB)
Collecting annotated-types>=0.6.0 (from pydantic>=2.7.0->fastapi>=0.111.0->-r requirements.txt (line 3))
  Downloading annotated_types-0.7.0-py3-none-any.whl.metadata (15 kB)
Collecting pydantic-core==2.41.5 (from pydantic>=2.7.0->fastapi>=0.111.0->-r requirements.txt (line 3))
  Downloading pydantic_core-2.41.5-cp312-cp312-manylinux_2_17_x86_64.manylinux2014_x86_64.whl.metadata (7.3 kB)
Collecting anyio<5,>=3.6.2 (from starlette>=0.46.0->fastapi>=0.111.0->-r requirements.txt (line 3))
  Using cached anyio-4.12.1-py3-none-any.whl.metadata (4.3 kB)
Collecting idna>=2.8 (from anyio<5,>=3.6.2->starlette>=0.46.0->fastapi>=0.111.0->-r requirements.txt (line 3))
  Using cached idna-3.11-py3-none-any.whl.metadata (8.4 kB)
Downloading pypdf-6.7.5-py3-none-any.whl (331 kB)
Using cached pytest-9.0.2-py3-none-any.whl (374 kB)
Using cached pluggy-1.6.0-py3-none-any.whl (20 kB)
Downloading fastapi-0.135.1-py3-none-any.whl (116 kB)
Downloading uvicorn-0.41.0-py3-none-any.whl (68 kB)
Downloading python_multipart-0.0.22-py3-none-any.whl (24 kB)
Downloading pymupdf-1.27.1-cp310-abi3-manylinux_2_28_x86_64.whl (24.9 MB)
   ━━━━━━━━━━━━━━━━━━━━━━━━━━━━━━━━━━━━━━━━ 24.9/24.9 MB 32.2 MB/s  0:00:00
Downloading deskew-1.5.3-py3-none-any.whl (8.0 kB)
Downloading opencv_python_headless-4.13.0.92-cp37-abi3-manylinux_2_28_x86_64.whl (60.4 MB)
   ━━━━━━━━━━━━━━━━━━━━━━━━━━━━━━━━━━━━━━━━ 60.4/60.4 MB 97.9 MB/s  0:00:00
Downloading scikit_image-0.26.0-cp312-cp312-manylinux_2_24_x86_64.manylinux_2_28_x86_64.whl (13.6 MB)
   ━━━━━━━━━━━━━━━━━━━━━━━━━━━━━━━━━━━━━━━━ 13.6/13.6 MB 121.2 MB/s  0:00:00
Downloading annotated_doc-0.0.4-py3-none-any.whl (5.3 kB)
Using cached click-8.3.1-py3-none-any.whl (108 kB)
Using cached h11-0.16.0-py3-none-any.whl (37 kB)
Downloading imageio-2.37.2-py3-none-any.whl (317 kB)
Using cached iniconfig-2.3.0-py3-none-any.whl (7.5 kB)
Downloading lazy_loader-0.4-py3-none-any.whl (12 kB)
Downloading networkx-3.6.1-py3-none-any.whl (2.1 MB)
   ━━━━━━━━━━━━━━━━━━━━━━━━━━━━━━━━━━━━━━━━ 2.1/2.1 MB 114.5 MB/s  0:00:00
Downloading numpy-2.4.2-cp312-cp312-manylinux_2_27_x86_64.manylinux_2_28_x86_64.whl (16.6 MB)
   ━━━━━━━━━━━━━━━━━━━━━━━━━━━━━━━━━━━━━━━━ 16.6/16.6 MB 103.0 MB/s  0:00:00
Downloading packaging-26.0-py3-none-any.whl (74 kB)
Downloading pillow-12.1.1-cp312-cp312-manylinux_2_27_x86_64.manylinux_2_28_x86_64.whl (7.0 MB)
   ━━━━━━━━━━━━━━━━━━━━━━━━━━━━━━━━━━━━━━━━ 7.0/7.0 MB 123.0 MB/s  0:00:00
Downloading pydantic-2.12.5-py3-none-any.whl (463 kB)
Downloading pydantic_core-2.41.5-cp312-cp312-manylinux_2_17_x86_64.manylinux2014_x86_64.whl (2.1 MB)
   ━━━━━━━━━━━━━━━━━━━━━━━━━━━━━━━━━━━━━━━━ 2.1/2.1 MB 68.5 MB/s  0:00:00
Downloading annotated_types-0.7.0-py3-none-any.whl (13 kB)
Using cached pygments-2.19.2-py3-none-any.whl (1.2 MB)
Downloading scipy-1.17.1-cp312-cp312-manylinux_2_27_x86_64.manylinux_2_28_x86_64.whl (35.2 MB)
   ━━━━━━━━━━━━━━━━━━━━━━━━━━━━━━━━━━━━━━━━ 35.2/35.2 MB 50.1 MB/s  0:00:00
Downloading starlette-0.52.1-py3-none-any.whl (74 kB)
Using cached anyio-4.12.1-py3-none-any.whl (113 kB)
Using cached idna-3.11-py3-none-any.whl (71 kB)
Downloading tifffile-2026.3.3-py3-none-any.whl (243 kB)
Downloading typing_inspection-0.4.2-py3-none-any.whl (14 kB)
Installing collected packages: typing-inspection, python-multipart, pypdf, PyMuPDF, pygments, pydantic-core, pluggy, pillow, packaging, numpy, networkx, iniconfig, idna, h11, click, annotated-types, annotated-doc, uvicorn, tifffile, scipy, pytest, pydantic, opencv-python-headless, lazy-loader, imageio, anyio, starlette, scikit-image, fastapi, deskew

Successfully installed PyMuPDF-1.27.1 annotated-doc-0.0.4 annotated-types-0.7.0 anyio-4.12.1 click-8.3.1 deskew-1.5.3 fastapi-0.135.1 h11-0.16.0 idna-3.11 imageio-2.37.2 iniconfig-2.3.0 lazy-loader-0.4 networkx-3.6.1 numpy-2.4.2 opencv-python-headless-4.13.0.92 packaging-26.0 pillow-12.1.1 pluggy-1.6.0 pydantic-2.12.5 pydantic-core-2.41.5 pygments-2.19.2 pypdf-6.7.5 pytest-9.0.2 python-multipart-0.0.22 scikit-image-0.26.0 scipy-1.17.1 starlette-0.52.1 tifffile-2026.3.3 typing-inspection-0.4.2 uvicorn-0.41.0

[notice] A new release of pip is available: 25.3 -> 26.0.1
[notice] To update, run: pip install --upgrade pip
Starting Python API Backend in the background...
Installing Frontend Dependencies...

up to date, audited 211 packages in 935ms

51 packages are looking for funding
  run `npm fund` for details

found 0 vulnerabilities
Starting React Frontend...

==========================================
Backend running on http://localhost:8000
Frontend starting up...
Press Ctrl+C to stop both servers.
==========================================

> frontend@0.0.0 dev
> vite


  VITE v7.3.1  ready in 460 ms

  ➜  Local:   http://localhost:5173/
  ➜  Network: use --host to expose
INFO:     Will watch for changes in these directories: ['/app']
INFO:     Uvicorn running on http://0.0.0.0:8000 (Press CTRL+C to quit)
INFO:     Started reloader process [2839] using StatReload
INFO:     Started server process [3024]
INFO:     Waiting for application startup.
INFO:     Application startup complete.
